<?xml version="1.0" encoding="UTF-8"?>
<!-- Generated by org.testng.reporters.JUnitReportReporter -->
<testsuite hostname="Kiet" failures="0" tests="1" name="com.QLK.test.LoginAutomation" time="20.192" errors="0" timestamp="2023-04-18T19:34:18 ICT" skipped="0">
  <testcase classname="com.QLK.test.LoginAutomation" name="verifyHomepageTitle" time="20.192"/>
  <system-out/>
</testsuite> <!-- com.QLK.test.LoginAutomation -->
