<?xml version="1.0" encoding="UTF-8"?>
<!-- Generated by org.testng.reporters.JUnitReportReporter -->
<testsuite hostname="Kiet" failures="0" tests="5" name="com.QLK.test.NCCTest" time="0.845" errors="0" timestamp="2023-04-08T16:48:09 ICT" skipped="0">
  <testcase classname="com.QLK.test.NCCTest" name="testCheckInserted1" time="0.015"/>
  <system-out/>
  <testcase classname="com.QLK.test.NCCTest" name="testDelete" time="0.094"/>
  <system-out/>
  <testcase classname="com.QLK.test.NCCTest" name="testCheckInsertedWithInvalidEmail" time="0.426"/>
  <system-out/>
  <testcase classname="com.QLK.test.NCCTest" name="testCheckInsertedWithEmptyTenNCC" time="0.001"/>
  <system-out/>
  <testcase classname="com.QLK.test.NCCTest" name="testClearForm" time="0.309"/>
  <system-out/>
</testsuite> <!-- com.QLK.test.NCCTest -->
